2020-07-28 12:55:03,585 DEBUG [main] cache:45 - Couldn't find template in cache for "Extent.ftl"("en_IN", UTF-8, parsed); will try to load it.
2020-07-28 12:55:03,588 DEBUG [main] cache:45 - TemplateLoader.findTemplateSource("Extent_en_IN.ftl"): Not found
2020-07-28 12:55:03,591 DEBUG [main] cache:45 - TemplateLoader.findTemplateSource("Extent_en.ftl"): Not found
2020-07-28 12:55:03,593 DEBUG [main] cache:45 - TemplateLoader.findTemplateSource("Extent.ftl"): Found
2020-07-28 12:55:03,593 DEBUG [main] cache:45 - Loading template for "Extent.ftl"("en_IN", UTF-8, parsed) from "jar:file:/C:/Users/hp/.m2/repository/com/relevantcodes/extentreports/2.41.2/extentreports-2.41.2.jar!/com/relevantcodes/extentreports/view/Extent.ftl"
2020-07-28 12:55:04,003 DEBUG [main] cache:45 - Couldn't find template in cache for "Extent.ftl"("en_IN", UTF-8, parsed); will try to load it.
2020-07-28 12:55:04,004 DEBUG [main] cache:45 - TemplateLoader.findTemplateSource("Extent_en_IN.ftl"): Not found
2020-07-28 12:55:04,004 DEBUG [main] cache:45 - TemplateLoader.findTemplateSource("Extent_en.ftl"): Not found
2020-07-28 12:55:04,005 DEBUG [main] cache:45 - TemplateLoader.findTemplateSource("Extent.ftl"): Found
2020-07-28 12:55:04,005 DEBUG [main] cache:45 - Loading template for "Extent.ftl"("en_IN", UTF-8, parsed) from "jar:file:/C:/Users/hp/.m2/repository/com/relevantcodes/extentreports/2.41.2/extentreports-2.41.2.jar!/com/relevantcodes/extentreports/view/Extent.ftl"
2020-07-28 13:23:04,828  INFO [main] BaseTest:69 - Launching Browser
2020-07-28 13:23:10,233  INFO [main] BaseTest:93 - Maximize  window
2020-07-28 13:23:12,457  INFO [main] BaseTest:98 - ******************************loading url**********************************
2020-07-28 13:23:13,925  INFO [main] BaseTest:101 - 
2020-07-28 13:23:18,757  INFO [main] BaseTest:69 - Launching Browser
2020-07-28 13:23:22,799  INFO [main] BaseTest:93 - Maximize  window
2020-07-28 13:23:25,017  INFO [main] BaseTest:98 - ******************************loading url**********************************
2020-07-28 13:23:26,061  INFO [main] BaseTest:101 - 
2020-07-28 13:23:41,951  INFO [main] BaseTest:69 - Launching Browser
2020-07-28 13:23:46,498  INFO [main] BaseTest:93 - Maximize  window
2020-07-28 13:23:48,762  INFO [main] BaseTest:98 - ******************************loading url**********************************
2020-07-28 13:23:49,814  INFO [main] BaseTest:101 - 
2020-07-28 13:24:54,723  INFO [main] BaseTest:69 - Launching Browser
2020-07-28 13:25:00,846  INFO [main] BaseTest:93 - Maximize  window
2020-07-28 13:25:03,138  INFO [main] BaseTest:98 - ******************************loading url**********************************
2020-07-28 13:25:04,153  INFO [main] BaseTest:101 - 
2020-07-28 13:25:04,975  INFO [main] BaseTest:69 - Launching Browser
2020-07-28 13:25:08,833  INFO [main] BaseTest:93 - Maximize  window
2020-07-28 13:25:11,107  INFO [main] BaseTest:98 - ******************************loading url**********************************
2020-07-28 13:25:12,033  INFO [main] BaseTest:101 - 
2020-07-28 13:25:27,164  INFO [main] BaseTest:69 - Launching Browser
2020-07-28 13:25:31,027  INFO [main] BaseTest:93 - Maximize  window
2020-07-28 13:25:33,208  INFO [main] BaseTest:98 - ******************************loading url**********************************
2020-07-28 13:25:34,640  INFO [main] BaseTest:101 - 
2020-07-28 13:25:43,409 DEBUG [main] cache:45 - Couldn't find template in cache for "Extent.ftl"("en_IN", UTF-8, parsed); will try to load it.
2020-07-28 13:25:43,412 DEBUG [main] cache:45 - TemplateLoader.findTemplateSource("Extent_en_IN.ftl"): Not found
2020-07-28 13:25:43,415 DEBUG [main] cache:45 - TemplateLoader.findTemplateSource("Extent_en.ftl"): Not found
2020-07-28 13:25:43,425 DEBUG [main] cache:45 - TemplateLoader.findTemplateSource("Extent.ftl"): Found
2020-07-28 13:25:43,437 DEBUG [main] cache:45 - Loading template for "Extent.ftl"("en_IN", UTF-8, parsed) from "jar:file:/C:/Users/hp/.m2/repository/com/relevantcodes/extentreports/2.41.2/extentreports-2.41.2.jar!/com/relevantcodes/extentreports/view/Extent.ftl"
2020-07-28 13:25:44,011 DEBUG [main] cache:45 - Couldn't find template in cache for "Extent.ftl"("en_IN", UTF-8, parsed); will try to load it.
2020-07-28 13:25:44,012 DEBUG [main] cache:45 - TemplateLoader.findTemplateSource("Extent_en_IN.ftl"): Not found
2020-07-28 13:25:44,013 DEBUG [main] cache:45 - TemplateLoader.findTemplateSource("Extent_en.ftl"): Not found
2020-07-28 13:25:44,014 DEBUG [main] cache:45 - TemplateLoader.findTemplateSource("Extent.ftl"): Found
2020-07-28 13:25:44,014 DEBUG [main] cache:45 - Loading template for "Extent.ftl"("en_IN", UTF-8, parsed) from "jar:file:/C:/Users/hp/.m2/repository/com/relevantcodes/extentreports/2.41.2/extentreports-2.41.2.jar!/com/relevantcodes/extentreports/view/Extent.ftl"
2020-07-31 20:50:40,519  INFO [main] BaseTest:69 - Launching Browser
2020-07-31 20:50:48,362  INFO [main] BaseTest:93 - Maximize  window
2020-07-31 20:50:50,764  INFO [main] BaseTest:98 - ******************************loading url**********************************
2020-07-31 20:50:52,151  INFO [main] BaseTest:101 - 
2020-07-31 20:50:57,008  INFO [main] BaseTest:69 - Launching Browser
2020-07-31 20:51:02,847  INFO [main] BaseTest:93 - Maximize  window
2020-07-31 20:51:05,041  INFO [main] BaseTest:98 - ******************************loading url**********************************
2020-07-31 20:51:06,126  INFO [main] BaseTest:101 - 
2020-07-31 20:51:23,287  INFO [main] BaseTest:69 - Launching Browser
2020-07-31 20:51:28,325  INFO [main] BaseTest:93 - Maximize  window
2020-07-31 20:51:30,587  INFO [main] BaseTest:98 - ******************************loading url**********************************
2020-07-31 20:51:33,457  INFO [main] BaseTest:101 - 
2020-08-01 22:55:13,108  INFO [main] BaseTest:69 - Launching Browser
2020-08-01 22:55:19,860  INFO [main] BaseTest:93 - Maximize  window
2020-08-01 22:55:22,108  INFO [main] BaseTest:98 - ******************************loading url**********************************
2020-08-01 22:55:23,350  INFO [main] BaseTest:101 - 
2020-08-01 22:59:21,794  INFO [main] BaseTest:69 - Launching Browser
2020-08-01 22:59:27,320  INFO [main] BaseTest:93 - Maximize  window
2020-08-01 22:59:29,518  INFO [main] BaseTest:98 - ******************************loading url**********************************
2020-08-01 22:59:30,856  INFO [main] BaseTest:101 - 
2020-08-01 22:59:35,002  INFO [main] HomePage:100 - click on Women drop down
2020-08-01 22:59:36,418  INFO [main] BaseTest:69 - Launching Browser
2020-08-01 22:59:40,977  INFO [main] BaseTest:93 - Maximize  window
2020-08-01 22:59:43,146  INFO [main] BaseTest:98 - ******************************loading url**********************************
2020-08-01 22:59:44,475  INFO [main] BaseTest:101 - 
2020-08-01 22:59:47,655  INFO [main] HomePage:111 - verified successfully
2020-08-01 23:21:20,532  INFO [TestNG-tests-1] BaseTest:69 - Launching Browser
2020-08-01 23:21:25,520  INFO [TestNG-tests-1] BaseTest:93 - Maximize  window
2020-08-01 23:21:27,728  INFO [TestNG-tests-1] BaseTest:98 - ******************************loading url**********************************
2020-08-01 23:21:28,845  INFO [TestNG-tests-1] BaseTest:101 - 
2020-08-01 23:21:32,403  INFO [TestNG-tests-1] HomePage:102 - click on Women drop down
2020-08-01 23:21:36,813  INFO [TestNG-tests-1] BaseTest:69 - Launching Browser
2020-08-01 23:21:40,459  INFO [TestNG-tests-1] BaseTest:93 - Maximize  window
2020-08-01 23:21:42,676  INFO [TestNG-tests-1] BaseTest:98 - ******************************loading url**********************************
2020-08-01 23:21:43,697  INFO [TestNG-tests-1] BaseTest:101 - 
2020-08-01 23:21:54,117  INFO [TestNG-tests-1] BaseTest:69 - Launching Browser
2020-08-01 23:21:58,772  INFO [TestNG-tests-1] BaseTest:93 - Maximize  window
2020-08-01 23:22:00,932  INFO [TestNG-tests-1] BaseTest:98 - ******************************loading url**********************************
2020-08-01 23:22:01,325  INFO [TestNG-tests-1] BaseTest:101 - www.fabindia.com
2020-08-01 23:22:21,959 DEBUG [main] cache:45 - Couldn't find template in cache for "Extent.ftl"("en_IN", UTF-8, parsed); will try to load it.
2020-08-01 23:22:21,961 DEBUG [main] cache:45 - TemplateLoader.findTemplateSource("Extent_en_IN.ftl"): Not found
2020-08-01 23:22:21,965 DEBUG [main] cache:45 - TemplateLoader.findTemplateSource("Extent_en.ftl"): Not found
2020-08-01 23:22:21,972 DEBUG [main] cache:45 - TemplateLoader.findTemplateSource("Extent.ftl"): Found
2020-08-01 23:22:21,975 DEBUG [main] cache:45 - Loading template for "Extent.ftl"("en_IN", UTF-8, parsed) from "jar:file:/C:/Users/hp/.m2/repository/com/relevantcodes/extentreports/2.41.2/extentreports-2.41.2.jar!/com/relevantcodes/extentreports/view/Extent.ftl"
2020-08-01 23:22:22,656 DEBUG [main] cache:45 - Couldn't find template in cache for "Extent.ftl"("en_IN", UTF-8, parsed); will try to load it.
2020-08-01 23:22:22,656 DEBUG [main] cache:45 - TemplateLoader.findTemplateSource("Extent_en_IN.ftl"): Not found
2020-08-01 23:22:22,657 DEBUG [main] cache:45 - TemplateLoader.findTemplateSource("Extent_en.ftl"): Not found
2020-08-01 23:22:22,658 DEBUG [main] cache:45 - TemplateLoader.findTemplateSource("Extent.ftl"): Found
2020-08-01 23:22:22,659 DEBUG [main] cache:45 - Loading template for "Extent.ftl"("en_IN", UTF-8, parsed) from "jar:file:/C:/Users/hp/.m2/repository/com/relevantcodes/extentreports/2.41.2/extentreports-2.41.2.jar!/com/relevantcodes/extentreports/view/Extent.ftl"
2020-08-02 08:49:52,046  INFO [TestNG-tests-1] BaseTest:69 - Launching Browser
2020-08-02 08:49:58,911  INFO [TestNG-tests-1] BaseTest:93 - Maximize  window
2020-08-02 08:50:01,158  INFO [TestNG-tests-1] BaseTest:98 - ******************************loading url**********************************
2020-08-02 08:50:02,527  INFO [TestNG-tests-1] BaseTest:101 - 
2020-08-02 08:50:06,372  INFO [TestNG-tests-1] HomePage:102 - click on Women drop down
2020-08-02 08:50:07,184  INFO [TestNG-tests-1] BaseTest:69 - Launching Browser
2020-08-02 08:50:11,114  INFO [TestNG-tests-1] BaseTest:93 - Maximize  window
2020-08-02 08:50:13,428  INFO [TestNG-tests-1] BaseTest:98 - ******************************loading url**********************************
2020-08-02 08:50:15,187  INFO [TestNG-tests-1] BaseTest:101 - 
2020-08-02 08:50:29,899  INFO [TestNG-tests-1] BaseTest:69 - Launching Browser
2020-08-02 08:50:34,347  INFO [TestNG-tests-1] BaseTest:93 - Maximize  window
2020-08-02 08:50:36,657  INFO [TestNG-tests-1] BaseTest:98 - ******************************loading url**********************************
2020-08-02 08:50:38,303  INFO [TestNG-tests-1] BaseTest:101 - 
2020-08-02 08:50:40,364  INFO [TestNG-tests-1] HomePage:113 - verified successfully
2020-08-02 08:50:41,090 DEBUG [main] cache:45 - Couldn't find template in cache for "Extent.ftl"("en_IN", UTF-8, parsed); will try to load it.
2020-08-02 08:50:41,090 DEBUG [main] cache:45 - TemplateLoader.findTemplateSource("Extent_en_IN.ftl"): Not found
2020-08-02 08:50:41,090 DEBUG [main] cache:45 - TemplateLoader.findTemplateSource("Extent_en.ftl"): Not found
2020-08-02 08:50:41,099 DEBUG [main] cache:45 - TemplateLoader.findTemplateSource("Extent.ftl"): Found
2020-08-02 08:50:41,099 DEBUG [main] cache:45 - Loading template for "Extent.ftl"("en_IN", UTF-8, parsed) from "jar:file:/C:/Users/hp/.m2/repository/com/relevantcodes/extentreports/2.41.2/extentreports-2.41.2.jar!/com/relevantcodes/extentreports/view/Extent.ftl"
2020-08-02 08:50:41,667 DEBUG [main] cache:45 - Couldn't find template in cache for "Extent.ftl"("en_IN", UTF-8, parsed); will try to load it.
2020-08-02 08:50:41,668 DEBUG [main] cache:45 - TemplateLoader.findTemplateSource("Extent_en_IN.ftl"): Not found
2020-08-02 08:50:41,668 DEBUG [main] cache:45 - TemplateLoader.findTemplateSource("Extent_en.ftl"): Not found
2020-08-02 08:50:41,668 DEBUG [main] cache:45 - TemplateLoader.findTemplateSource("Extent.ftl"): Found
2020-08-02 08:50:41,668 DEBUG [main] cache:45 - Loading template for "Extent.ftl"("en_IN", UTF-8, parsed) from "jar:file:/C:/Users/hp/.m2/repository/com/relevantcodes/extentreports/2.41.2/extentreports-2.41.2.jar!/com/relevantcodes/extentreports/view/Extent.ftl"
2020-08-02 08:56:30,714  INFO [TestNG-tests-1] BaseTest:69 - Launching Browser
2020-08-02 08:56:37,971  INFO [TestNG-tests-1] BaseTest:93 - Maximize  window
2020-08-02 08:56:40,219  INFO [TestNG-tests-1] BaseTest:98 - ******************************loading url**********************************
2020-08-02 08:56:41,275  INFO [TestNG-tests-1] BaseTest:101 - 
2020-08-02 08:56:52,148  INFO [TestNG-tests-1] BaseTest:69 - Launching Browser
2020-08-02 08:56:56,417  INFO [TestNG-tests-1] BaseTest:93 - Maximize  window
2020-08-02 08:56:58,684  INFO [TestNG-tests-1] BaseTest:98 - ******************************loading url**********************************
2020-08-02 08:57:00,259  INFO [TestNG-tests-1] BaseTest:101 - 
2020-08-02 08:57:01,271  INFO [TestNG-tests-1] BaseTest:69 - Launching Browser
2020-08-02 08:57:05,447  INFO [TestNG-tests-1] BaseTest:93 - Maximize  window
2020-08-02 08:57:07,672  INFO [TestNG-tests-1] BaseTest:98 - ******************************loading url**********************************
2020-08-02 08:57:14,807  INFO [TestNG-tests-1] BaseTest:101 - 
2020-08-02 08:57:30,900  INFO [TestNG-tests-1] BaseTest:69 - Launching Browser
2020-08-02 08:57:35,724  INFO [TestNG-tests-1] BaseTest:93 - Maximize  window
2020-08-02 08:57:37,986  INFO [TestNG-tests-1] BaseTest:98 - ******************************loading url**********************************
2020-08-02 08:57:39,093  INFO [TestNG-tests-1] BaseTest:101 - 
2020-08-02 08:57:48,872  INFO [TestNG-tests-1] BaseTest:69 - Launching Browser
2020-08-02 08:57:52,623  INFO [TestNG-tests-1] BaseTest:93 - Maximize  window
2020-08-02 08:57:54,916  INFO [TestNG-tests-1] BaseTest:98 - ******************************loading url**********************************
2020-08-02 08:57:55,994  INFO [TestNG-tests-1] BaseTest:101 - 
2020-08-02 08:58:06,018 DEBUG [main] cache:45 - Couldn't find template in cache for "Extent.ftl"("en_IN", UTF-8, parsed); will try to load it.
2020-08-02 08:58:06,030 DEBUG [main] cache:45 - TemplateLoader.findTemplateSource("Extent_en_IN.ftl"): Not found
2020-08-02 08:58:06,034 DEBUG [main] cache:45 - TemplateLoader.findTemplateSource("Extent_en.ftl"): Not found
2020-08-02 08:58:06,034 DEBUG [main] cache:45 - TemplateLoader.findTemplateSource("Extent.ftl"): Found
2020-08-02 08:58:06,034 DEBUG [main] cache:45 - Loading template for "Extent.ftl"("en_IN", UTF-8, parsed) from "jar:file:/C:/Users/hp/.m2/repository/com/relevantcodes/extentreports/2.41.2/extentreports-2.41.2.jar!/com/relevantcodes/extentreports/view/Extent.ftl"
2020-08-02 08:58:06,661 DEBUG [main] cache:45 - Couldn't find template in cache for "Extent.ftl"("en_IN", UTF-8, parsed); will try to load it.
2020-08-02 08:58:06,661 DEBUG [main] cache:45 - TemplateLoader.findTemplateSource("Extent_en_IN.ftl"): Not found
2020-08-02 08:58:06,661 DEBUG [main] cache:45 - TemplateLoader.findTemplateSource("Extent_en.ftl"): Not found
2020-08-02 08:58:06,661 DEBUG [main] cache:45 - TemplateLoader.findTemplateSource("Extent.ftl"): Found
2020-08-02 08:58:06,661 DEBUG [main] cache:45 - Loading template for "Extent.ftl"("en_IN", UTF-8, parsed) from "jar:file:/C:/Users/hp/.m2/repository/com/relevantcodes/extentreports/2.41.2/extentreports-2.41.2.jar!/com/relevantcodes/extentreports/view/Extent.ftl"
2020-08-02 15:41:37,468  INFO [TestNG-tests-1] BaseTest:69 - Launching Browser
2020-08-02 15:41:44,209  INFO [TestNG-tests-1] BaseTest:93 - Maximize  window
2020-08-02 15:41:46,582  INFO [TestNG-tests-1] BaseTest:98 - ******************************loading url**********************************
2020-08-02 15:41:47,887  INFO [TestNG-tests-1] BaseTest:101 - 
2020-08-02 15:41:58,810  INFO [TestNG-tests-1] BaseTest:69 - Launching Browser
2020-08-02 15:42:02,538  INFO [TestNG-tests-1] BaseTest:93 - Maximize  window
2020-08-02 15:42:04,774  INFO [TestNG-tests-1] BaseTest:98 - ******************************loading url**********************************
2020-08-02 15:42:05,970  INFO [TestNG-tests-1] BaseTest:101 - 
2020-08-02 15:42:06,758  INFO [TestNG-tests-1] BaseTest:69 - Launching Browser
2020-08-02 15:42:10,340  INFO [TestNG-tests-1] BaseTest:93 - Maximize  window
2020-08-02 15:42:12,654  INFO [TestNG-tests-1] BaseTest:98 - ******************************loading url**********************************
2020-08-02 15:42:15,707  INFO [TestNG-tests-1] BaseTest:101 - 
2020-08-02 15:42:32,098  INFO [TestNG-tests-1] BaseTest:69 - Launching Browser
2020-08-02 15:42:35,857  INFO [TestNG-tests-1] BaseTest:93 - Maximize  window
2020-08-02 15:42:38,156  INFO [TestNG-tests-1] BaseTest:98 - ******************************loading url**********************************
2020-08-02 15:42:39,226  INFO [TestNG-tests-1] BaseTest:101 - 
2020-08-02 15:42:44,642  INFO [TestNG-tests-1] BaseTest:69 - Launching Browser
2020-08-02 15:42:48,699  INFO [TestNG-tests-1] BaseTest:93 - Maximize  window
2020-08-02 15:42:50,956  INFO [TestNG-tests-1] BaseTest:98 - ******************************loading url**********************************
2020-08-02 15:42:52,219  INFO [TestNG-tests-1] BaseTest:101 - 
2020-08-02 15:43:07,028 DEBUG [main] cache:45 - Couldn't find template in cache for "Extent.ftl"("en_IN", UTF-8, parsed); will try to load it.
2020-08-02 15:43:07,038 DEBUG [main] cache:45 - TemplateLoader.findTemplateSource("Extent_en_IN.ftl"): Not found
2020-08-02 15:43:07,045 DEBUG [main] cache:45 - TemplateLoader.findTemplateSource("Extent_en.ftl"): Not found
2020-08-02 15:43:07,045 DEBUG [main] cache:45 - TemplateLoader.findTemplateSource("Extent.ftl"): Found
2020-08-02 15:43:07,045 DEBUG [main] cache:45 - Loading template for "Extent.ftl"("en_IN", UTF-8, parsed) from "jar:file:/C:/Users/hp/.m2/repository/com/relevantcodes/extentreports/2.41.2/extentreports-2.41.2.jar!/com/relevantcodes/extentreports/view/Extent.ftl"
2020-08-02 15:43:07,880 DEBUG [main] cache:45 - Couldn't find template in cache for "Extent.ftl"("en_IN", UTF-8, parsed); will try to load it.
2020-08-02 15:43:07,880 DEBUG [main] cache:45 - TemplateLoader.findTemplateSource("Extent_en_IN.ftl"): Not found
2020-08-02 15:43:07,880 DEBUG [main] cache:45 - TemplateLoader.findTemplateSource("Extent_en.ftl"): Not found
2020-08-02 15:43:07,880 DEBUG [main] cache:45 - TemplateLoader.findTemplateSource("Extent.ftl"): Found
2020-08-02 15:43:07,880 DEBUG [main] cache:45 - Loading template for "Extent.ftl"("en_IN", UTF-8, parsed) from "jar:file:/C:/Users/hp/.m2/repository/com/relevantcodes/extentreports/2.41.2/extentreports-2.41.2.jar!/com/relevantcodes/extentreports/view/Extent.ftl"
2020-08-02 16:28:05,518  INFO [TestNG-tests-1] BaseTest:69 - Launching Browser
2020-08-02 16:28:11,971  INFO [TestNG-tests-1] BaseTest:93 - Maximize  window
2020-08-02 16:28:14,203  INFO [TestNG-tests-1] BaseTest:98 - ******************************loading url**********************************
2020-08-02 16:28:15,566  INFO [TestNG-tests-1] BaseTest:101 - 
2020-08-02 16:28:25,373  INFO [TestNG-tests-1] BaseTest:69 - Launching Browser
2020-08-02 16:28:30,538  INFO [TestNG-tests-1] BaseTest:93 - Maximize  window
2020-08-02 16:28:32,785  INFO [TestNG-tests-1] BaseTest:98 - ******************************loading url**********************************
2020-08-02 16:28:34,640  INFO [TestNG-tests-1] BaseTest:101 - 
2020-08-02 16:28:35,558  INFO [TestNG-tests-1] BaseTest:69 - Launching Browser
2020-08-02 16:28:40,424  INFO [TestNG-tests-1] BaseTest:93 - Maximize  window
2020-08-02 16:28:43,789  INFO [TestNG-tests-1] BaseTest:98 - ******************************loading url**********************************
2020-08-02 16:28:46,023  INFO [TestNG-tests-1] BaseTest:101 - 
2020-08-02 16:29:01,092  INFO [TestNG-tests-1] BaseTest:69 - Launching Browser
2020-08-02 16:29:05,473  INFO [TestNG-tests-1] BaseTest:93 - Maximize  window
2020-08-02 16:29:07,750  INFO [TestNG-tests-1] BaseTest:98 - ******************************loading url**********************************
2020-08-02 16:29:09,300  INFO [TestNG-tests-1] BaseTest:101 - 
2020-08-02 16:29:14,834  INFO [TestNG-tests-1] BaseTest:69 - Launching Browser
2020-08-02 16:29:18,749  INFO [TestNG-tests-1] BaseTest:93 - Maximize  window
2020-08-02 16:29:20,956  INFO [TestNG-tests-1] BaseTest:98 - ******************************loading url**********************************
2020-08-02 16:29:22,258  INFO [TestNG-tests-1] BaseTest:101 - 
2020-08-02 16:29:36,433 DEBUG [main] cache:45 - Couldn't find template in cache for "Extent.ftl"("en_IN", UTF-8, parsed); will try to load it.
2020-08-02 16:29:36,433 DEBUG [main] cache:45 - TemplateLoader.findTemplateSource("Extent_en_IN.ftl"): Not found
2020-08-02 16:29:36,439 DEBUG [main] cache:45 - TemplateLoader.findTemplateSource("Extent_en.ftl"): Not found
2020-08-02 16:29:36,439 DEBUG [main] cache:45 - TemplateLoader.findTemplateSource("Extent.ftl"): Found
2020-08-02 16:29:36,439 DEBUG [main] cache:45 - Loading template for "Extent.ftl"("en_IN", UTF-8, parsed) from "jar:file:/C:/Users/hp/.m2/repository/com/relevantcodes/extentreports/2.41.2/extentreports-2.41.2.jar!/com/relevantcodes/extentreports/view/Extent.ftl"
2020-08-02 16:29:36,868 DEBUG [main] cache:45 - Couldn't find template in cache for "Extent.ftl"("en_IN", UTF-8, parsed); will try to load it.
2020-08-02 16:29:36,868 DEBUG [main] cache:45 - TemplateLoader.findTemplateSource("Extent_en_IN.ftl"): Not found
2020-08-02 16:29:36,868 DEBUG [main] cache:45 - TemplateLoader.findTemplateSource("Extent_en.ftl"): Not found
2020-08-02 16:29:36,868 DEBUG [main] cache:45 - TemplateLoader.findTemplateSource("Extent.ftl"): Found
2020-08-02 16:29:36,868 DEBUG [main] cache:45 - Loading template for "Extent.ftl"("en_IN", UTF-8, parsed) from "jar:file:/C:/Users/hp/.m2/repository/com/relevantcodes/extentreports/2.41.2/extentreports-2.41.2.jar!/com/relevantcodes/extentreports/view/Extent.ftl"
2020-08-02 22:06:23,815  INFO [TestNG-tests-1] BaseTest:69 - Launching Browser
2020-08-02 22:06:32,194  INFO [TestNG-tests-1] BaseTest:93 - Maximize  window
2020-08-02 22:06:34,397  INFO [TestNG-tests-1] BaseTest:98 - ******************************loading url**********************************
2020-08-02 22:06:35,511  INFO [TestNG-tests-1] BaseTest:101 - 
2020-08-02 22:06:35,518  INFO [TestNG-tests-1] BaseTest:69 - Launching Browser
2020-08-02 22:06:39,372  INFO [TestNG-tests-1] BaseTest:93 - Maximize  window
2020-08-02 22:06:41,548  INFO [TestNG-tests-1] BaseTest:98 - ******************************loading url**********************************
2020-08-02 22:06:43,376  INFO [TestNG-tests-1] BaseTest:101 - 
2020-08-02 22:06:43,607  INFO [TestNG-tests-1] BaseTest:69 - Launching Browser
2020-08-02 22:06:48,083  INFO [TestNG-tests-1] BaseTest:93 - Maximize  window
2020-08-02 22:06:50,279  INFO [TestNG-tests-1] BaseTest:98 - ******************************loading url**********************************
2020-08-02 22:06:53,176  INFO [TestNG-tests-1] BaseTest:101 - 
2020-08-02 22:07:01,285  INFO [TestNG-tests-1] BaseTest:69 - Launching Browser
2020-08-02 22:07:05,893  INFO [TestNG-tests-1] BaseTest:93 - Maximize  window
2020-08-02 22:07:08,173  INFO [TestNG-tests-1] BaseTest:98 - ******************************loading url**********************************
2020-08-02 22:07:29,485  INFO [TestNG-tests-1] BaseTest:69 - Launching Browser
2020-08-02 22:07:34,075  INFO [TestNG-tests-1] BaseTest:93 - Maximize  window
2020-08-02 22:07:36,237  INFO [TestNG-tests-1] BaseTest:98 - ******************************loading url**********************************
2020-08-02 22:07:37,769  INFO [TestNG-tests-1] BaseTest:101 - 
2020-08-02 22:08:22,139  INFO [TestNG-tests-1] BaseTest:69 - Launching Browser
2020-08-02 22:08:25,889  INFO [TestNG-tests-1] BaseTest:93 - Maximize  window
2020-08-02 22:08:28,066  INFO [TestNG-tests-1] BaseTest:98 - ******************************loading url**********************************
2020-08-02 22:08:29,174  INFO [TestNG-tests-1] BaseTest:101 - 
2020-08-02 22:08:29,881  INFO [TestNG-tests-1] BaseTest:69 - Launching Browser
2020-08-02 22:08:34,785  INFO [TestNG-tests-1] BaseTest:93 - Maximize  window
2020-08-02 22:08:37,439  INFO [TestNG-tests-1] BaseTest:98 - ******************************loading url**********************************
2020-08-02 22:08:39,431  INFO [TestNG-tests-1] BaseTest:101 - 
2020-08-02 22:08:41,044  INFO [TestNG-tests-1] BaseTest:69 - Launching Browser
2020-08-02 22:08:46,295  INFO [TestNG-tests-1] BaseTest:93 - Maximize  window
2020-08-02 22:08:48,467  INFO [TestNG-tests-1] BaseTest:98 - ******************************loading url**********************************
2020-08-02 22:08:50,673  INFO [TestNG-tests-1] BaseTest:101 - 
2020-08-02 22:08:58,682  INFO [TestNG-tests-1] BaseTest:69 - Launching Browser
2020-08-02 22:09:03,767  INFO [TestNG-tests-1] BaseTest:93 - Maximize  window
2020-08-02 22:09:06,000  INFO [TestNG-tests-1] BaseTest:98 - ******************************loading url**********************************
2020-08-02 22:09:07,238  INFO [TestNG-tests-1] BaseTest:101 - 
2020-08-02 22:09:21,299 DEBUG [main] cache:45 - Couldn't find template in cache for "Extent.ftl"("en_IN", UTF-8, parsed); will try to load it.
2020-08-02 22:09:21,302 DEBUG [main] cache:45 - TemplateLoader.findTemplateSource("Extent_en_IN.ftl"): Not found
2020-08-02 22:09:21,308 DEBUG [main] cache:45 - TemplateLoader.findTemplateSource("Extent_en.ftl"): Not found
2020-08-02 22:09:21,311 DEBUG [main] cache:45 - TemplateLoader.findTemplateSource("Extent.ftl"): Found
2020-08-02 22:09:21,311 DEBUG [main] cache:45 - Loading template for "Extent.ftl"("en_IN", UTF-8, parsed) from "jar:file:/C:/Users/hp/.m2/repository/com/relevantcodes/extentreports/2.41.2/extentreports-2.41.2.jar!/com/relevantcodes/extentreports/view/Extent.ftl"
2020-08-02 22:09:22,529 DEBUG [main] cache:45 - Couldn't find template in cache for "Extent.ftl"("en_IN", UTF-8, parsed); will try to load it.
2020-08-02 22:09:22,529 DEBUG [main] cache:45 - TemplateLoader.findTemplateSource("Extent_en_IN.ftl"): Not found
2020-08-02 22:09:22,530 DEBUG [main] cache:45 - TemplateLoader.findTemplateSource("Extent_en.ftl"): Not found
2020-08-02 22:09:22,530 DEBUG [main] cache:45 - TemplateLoader.findTemplateSource("Extent.ftl"): Found
2020-08-02 22:09:22,531 DEBUG [main] cache:45 - Loading template for "Extent.ftl"("en_IN", UTF-8, parsed) from "jar:file:/C:/Users/hp/.m2/repository/com/relevantcodes/extentreports/2.41.2/extentreports-2.41.2.jar!/com/relevantcodes/extentreports/view/Extent.ftl"
